<?xml version="1.0" encoding="UTF-8"?>
<robot generator="Robot 4.1.2 (Python 3.8.10 on linux)" generated="20211214 14:05:28.578" rpa="false" schemaversion="2">
<suite id="s1" name="Test" source="/home/tay/PycharmProjects/Demo/test.robot">
<test id="s1-t1" name="Open Deriv">
<kw name="Login" library="common">
<arg>${VALID_USER}</arg>
<arg>${VALID_PASS}</arg>
<kw name="Open Browser" library="SeleniumLibrary">
<arg>https://app.deriv.com</arg>
<arg>chrome</arg>
<doc>Opens a new browser instance to the optional ``url``.</doc>
<msg timestamp="20211214 14:05:28.674" level="INFO">Opening browser 'chrome' to base url 'https://app.deriv.com'.</msg>
<status status="PASS" starttime="20211214 14:05:28.673" endtime="20211214 14:05:48.975"/>
</kw>
<kw name="Set Window Size" library="SeleniumLibrary">
<arg>1480</arg>
<arg>1380</arg>
<doc>Sets current windows size to given ``width`` and ``height``.</doc>
<status status="PASS" starttime="20211214 14:05:48.975" endtime="20211214 14:05:49.105"/>
</kw>
<kw name="Wait Until Page Does Not Contain Element" library="SeleniumLibrary">
<arg>dt_core_header_acc-info-preloader</arg>
<doc>Waits until the element ``locator`` disappears from the current page.</doc>
<status status="PASS" starttime="20211214 14:05:49.105" endtime="20211214 14:05:49.202"/>
</kw>
<kw name="Click Element" library="SeleniumLibrary">
<arg>${login_button}</arg>
<doc>Click the element identified by ``locator``.</doc>
<msg timestamp="20211214 14:05:49.203" level="INFO">Clicking element 'dt_login_button'.</msg>
<status status="PASS" starttime="20211214 14:05:49.202" endtime="20211214 14:05:49.606"/>
</kw>
<kw name="Wait Until Page Contains Element" library="SeleniumLibrary">
<arg>${email_field}</arg>
<arg>15</arg>
<doc>Waits until the element ``locator`` appears on the current page.</doc>
<status status="PASS" starttime="20211214 14:05:49.607" endtime="20211214 14:05:52.768"/>
</kw>
<kw name="Input Text" library="SeleniumLibrary">
<arg>${email_field}</arg>
<arg>${email}</arg>
<doc>Types the given ``text`` into the text field identified by ``locator``.</doc>
<msg timestamp="20211214 14:05:52.769" level="INFO">Typing text 'tay@besquare.com.my' into text field 'name=email'.</msg>
<status status="PASS" starttime="20211214 14:05:52.769" endtime="20211214 14:05:52.827"/>
</kw>
<kw name="Input Text" library="SeleniumLibrary">
<arg>${password_field}</arg>
<arg>${pw}</arg>
<doc>Types the given ``text`` into the text field identified by ``locator``.</doc>
<msg timestamp="20211214 14:05:52.828" level="INFO">Typing text 'Steve19990509.' into text field '//*[@type="password"]'.</msg>
<status status="PASS" starttime="20211214 14:05:52.827" endtime="20211214 14:05:52.890"/>
</kw>
<kw name="Click Element" library="SeleniumLibrary">
<arg>${login_outh_button}</arg>
<doc>Click the element identified by ``locator``.</doc>
<msg timestamp="20211214 14:05:52.891" level="INFO">Clicking element '//*[text()="Log in"]'.</msg>
<status status="PASS" starttime="20211214 14:05:52.890" endtime="20211214 14:05:53.954"/>
</kw>
<status status="PASS" starttime="20211214 14:05:28.673" endtime="20211214 14:05:53.954"/>
</kw>
<kw name="Switch_Demo" library="switch_demo">
<kw name="Wait Until Page Does Not Contain Element" library="SeleniumLibrary">
<arg>//*[@class="chart-container__loader"]</arg>
<arg>20</arg>
<doc>Waits until the element ``locator`` disappears from the current page.</doc>
<kw name="Capture Page Screenshot" library="SeleniumLibrary">
<doc>Takes a screenshot of the current page and embeds it into a log file.</doc>
<msg timestamp="20211214 14:05:53.980" level="FAIL">WebDriverException: Message: chrome not reachable
  (Session info: chrome=95.0.4638.69)
Stacktrace:
#0 0x561b8c78f463 &lt;unknown&gt;
#1 0x561b8c26750f &lt;unknown&gt;
#2 0x561b8c2564c4 &lt;unknown&gt;
#3 0x561b8c256ea2 &lt;unknown&gt;
#4 0x561b8c258b12 &lt;unknown&gt;
#5 0x561b8c251363 &lt;unknown&gt;
#6 0x561b8c268a72 &lt;unknown&gt;
#7 0x561b8c2cd0a9 &lt;unknown&gt;
#8 0x561b8c2ba683 &lt;unknown&gt;
#9 0x561b8c290b64 &lt;unknown&gt;
#10 0x561b8c291b55 &lt;unknown&gt;
#11 0x561b8c7bf0fe &lt;unknown&gt;
#12 0x561b8c7d49d0 &lt;unknown&gt;
#13 0x561b8c7c0055 &lt;unknown&gt;
#14 0x561b8c7d5e18 &lt;unknown&gt;
#15 0x561b8c7b482b &lt;unknown&gt;
#16 0x561b8c7f0f98 &lt;unknown&gt;
#17 0x561b8c7f1118 &lt;unknown&gt;
#18 0x561b8c80c59d &lt;unknown&gt;
#19 0x7f6da0bd5609 &lt;unknown&gt;
</msg>
<status status="FAIL" starttime="20211214 14:05:53.970" endtime="20211214 14:05:53.980"/>
</kw>
<msg timestamp="20211214 14:05:53.980" level="WARN">Keyword 'Capture Page Screenshot' could not be run on failure: WebDriverException: Message: chrome not reachable
  (Session info: chrome=95.0.4638.69)
Stacktrace:
#0 0x561b8c78f463 &lt;unknown&gt;
#1 0x561b8c26750f &lt;unknown&gt;
#2 0x561b8c2564c4 &lt;unknown&gt;
#3 0x561b8c256ea2 &lt;unknown&gt;
#4 0x561b8c258b12 &lt;unknown&gt;
#5 0x561b8c251363 &lt;unknown&gt;
#6 0x561b8c268a72 &lt;unknown&gt;
#7 0x561b8c2cd0a9 &lt;unknown&gt;
#8 0x561b8c2ba683 &lt;unknown&gt;
#9 0x561b8c290b64 &lt;unknown&gt;
#10 0x561b8c291b55 &lt;unknown&gt;
#11 0x561b8c7bf0fe &lt;unknown&gt;
#12 0x561b8c7d49d0 &lt;unknown&gt;
#13 0x561b8c7c0055 &lt;unknown&gt;
#14 0x561b8c7d5e18 &lt;unknown&gt;
#15 0x561b8c7b482b &lt;unknown&gt;
#16 0x561b8c7f0f98 &lt;unknown&gt;
#17 0x561b8c7f1118 &lt;unknown&gt;
#18 0x561b8c80c59d &lt;unknown&gt;
#19 0x7f6da0bd5609 &lt;unknown&gt;
</msg>
<msg timestamp="20211214 14:05:53.983" level="FAIL">WebDriverException: Message: chrome not reachable
  (Session info: chrome=95.0.4638.69)
Stacktrace:
#0 0x561b8c78f463 &lt;unknown&gt;
#1 0x561b8c26750f &lt;unknown&gt;
#2 0x561b8c2564c4 &lt;unknown&gt;
#3 0x561b8c256ea2 &lt;unknown&gt;
#4 0x561b8c258b12 &lt;unknown&gt;
#5 0x561b8c251363 &lt;unknown&gt;
#6 0x561b8c268a72 &lt;unknown&gt;
#7 0x561b8c2cd0a9 &lt;unknown&gt;
#8 0x561b8c2ba683 &lt;unknown&gt;
#9 0x561b8c290b64 &lt;unknown&gt;
#10 0x561b8c291b55 &lt;unknown&gt;
#11 0x561b8c7bf0fe &lt;unknown&gt;
#12 0x561b8c7d49d0 &lt;unknown&gt;
#13 0x561b8c7c0055 &lt;unknown&gt;
#14 0x561b8c7d5e18 &lt;unknown&gt;
#15 0x561b8c7b482b &lt;unknown&gt;
#16 0x561b8c7f0f98 &lt;unknown&gt;
#17 0x561b8c7f1118 &lt;unknown&gt;
#18 0x561b8c80c59d &lt;unknown&gt;
#19 0x7f6da0bd5609 &lt;unknown&gt;
</msg>
<status status="FAIL" starttime="20211214 14:05:53.955" endtime="20211214 14:05:53.983"/>
</kw>
<kw name="Click Element" library="SeleniumLibrary">
<arg>${switch_account_button}</arg>
<doc>Click the element identified by ``locator``.</doc>
<status status="NOT RUN" starttime="20211214 14:05:53.983" endtime="20211214 14:05:53.984"/>
</kw>
<kw name="Click Element" library="SeleniumLibrary">
<arg>${demo_switch}</arg>
<doc>Click the element identified by ``locator``.</doc>
<status status="NOT RUN" starttime="20211214 14:05:53.984" endtime="20211214 14:05:53.984"/>
</kw>
<kw name="Click Element" library="SeleniumLibrary">
<arg>${demo_account}</arg>
<doc>Click the element identified by ``locator``.</doc>
<status status="NOT RUN" starttime="20211214 14:05:53.984" endtime="20211214 14:05:53.984"/>
</kw>
<status status="FAIL" starttime="20211214 14:05:53.955" endtime="20211214 14:05:53.985"/>
</kw>
<kw name="Buy_Volatility_10" library="buy_volatillity">
<status status="NOT RUN" starttime="20211214 14:05:53.986" endtime="20211214 14:05:53.986"/>
</kw>
<kw name="Buy_AUD_USD" library="buy_AUD_USD">
<status status="NOT RUN" starttime="20211214 14:05:53.988" endtime="20211214 14:05:53.988"/>
</kw>
<kw name="Check_Barrier_Error" library="Check_Error">
<status status="NOT RUN" starttime="20211214 14:05:53.988" endtime="20211214 14:05:53.988"/>
</kw>
<kw name="Buy_Volatility_50" library="buy_volatility_50">
<status status="NOT RUN" starttime="20211214 14:05:53.988" endtime="20211214 14:05:53.988"/>
</kw>
<status status="FAIL" starttime="20211214 14:05:28.673" endtime="20211214 14:05:53.989">WebDriverException: Message: chrome not reachable
  (Session info: chrome=95.0.4638.69)
Stacktrace:
#0 0x561b8c78f463 &lt;unknown&gt;
#1 0x561b8c26750f &lt;unknown&gt;
#2 0x561b8c2564c4 &lt;unknown&gt;
#3 0x561b8c256ea2 &lt;unknown&gt;
#4 0x561b8c258b12 &lt;unknown&gt;
#5 0x561b8c251363 &lt;unknown&gt;
#6 0x561b8c268a72 &lt;unknown&gt;
#7 0x561b8c2cd0a9 &lt;unknown&gt;
#8 0x561b8c2ba683 &lt;unknown&gt;
#9 0x561b8c290b64 &lt;unknown&gt;
#10 0x561b8c291b55 &lt;unknown&gt;
#11 0x561b8c7bf0fe &lt;unknown&gt;
#12 0x561b8c7d49d0 &lt;unknown&gt;
#13 0x561b8c7c0055 &lt;unknown&gt;
#14 0x561b8c7d5e18 &lt;unknown&gt;
#15 0x561b8c7b482b &lt;unknown&gt;
#16 0x561b8c7f0f98 &lt;unknown&gt;
#17 0x561b8c7f1118 &lt;unknown&gt;
#18 0x561b8c80c59d &lt;unknown&gt;
#19 0x7f6da0bd5609 &lt;unknown&gt;
</status>
</test>
<status status="FAIL" starttime="20211214 14:05:28.578" endtime="20211214 14:05:53.990"/>
</suite>
<statistics>
<total>
<stat pass="0" fail="1" skip="0">All Tests</stat>
</total>
<tag>
</tag>
<suite>
<stat pass="0" fail="1" skip="0" id="s1" name="Test">Test</stat>
</suite>
</statistics>
<errors>
<msg timestamp="20211214 14:05:53.980" level="WARN">Keyword 'Capture Page Screenshot' could not be run on failure: WebDriverException: Message: chrome not reachable
  (Session info: chrome=95.0.4638.69)
Stacktrace:
#0 0x561b8c78f463 &lt;unknown&gt;
#1 0x561b8c26750f &lt;unknown&gt;
#2 0x561b8c2564c4 &lt;unknown&gt;
#3 0x561b8c256ea2 &lt;unknown&gt;
#4 0x561b8c258b12 &lt;unknown&gt;
#5 0x561b8c251363 &lt;unknown&gt;
#6 0x561b8c268a72 &lt;unknown&gt;
#7 0x561b8c2cd0a9 &lt;unknown&gt;
#8 0x561b8c2ba683 &lt;unknown&gt;
#9 0x561b8c290b64 &lt;unknown&gt;
#10 0x561b8c291b55 &lt;unknown&gt;
#11 0x561b8c7bf0fe &lt;unknown&gt;
#12 0x561b8c7d49d0 &lt;unknown&gt;
#13 0x561b8c7c0055 &lt;unknown&gt;
#14 0x561b8c7d5e18 &lt;unknown&gt;
#15 0x561b8c7b482b &lt;unknown&gt;
#16 0x561b8c7f0f98 &lt;unknown&gt;
#17 0x561b8c7f1118 &lt;unknown&gt;
#18 0x561b8c80c59d &lt;unknown&gt;
#19 0x7f6da0bd5609 &lt;unknown&gt;
</msg>
</errors>
</robot>
